<?xml version="1.0" encoding="UTF-8"?>
<testsuite name="kr.starbridge.web.domain.member.service.MemberServiceTest" tests="1" skipped="0" failures="0" errors="0" timestamp="2022-03-29T09:53:05" hostname="DESKTOP-5DM8LLM" time="0.29">
  <properties/>
  <testcase name="findAllTest()" classname="kr.starbridge.web.domain.member.service.MemberServiceTest" time="0.29"/>
  <system-out><![CDATA[18:53:02.606 [Test worker] DEBUG org.springframework.test.context.BootstrapUtils - Instantiating CacheAwareContextLoaderDelegate from class [org.springframework.test.context.cache.DefaultCacheAwareContextLoaderDelegate]
18:53:02.613 [Test worker] DEBUG org.springframework.test.context.BootstrapUtils - Instantiating BootstrapContext using constructor [public org.springframework.test.context.support.DefaultBootstrapContext(java.lang.Class,org.springframework.test.context.CacheAwareContextLoaderDelegate)]
18:53:02.638 [Test worker] DEBUG org.springframework.test.context.BootstrapUtils - Instantiating TestContextBootstrapper for test class [kr.starbridge.web.domain.member.service.MemberServiceTest] from class [org.springframework.boot.test.context.SpringBootTestContextBootstrapper]
18:53:02.646 [Test worker] INFO org.springframework.boot.test.context.SpringBootTestContextBootstrapper - Neither @ContextConfiguration nor @ContextHierarchy found for test class [kr.starbridge.web.domain.member.service.MemberServiceTest], using SpringBootContextLoader
18:53:02.648 [Test worker] DEBUG org.springframework.test.context.support.AbstractContextLoader - Did not detect default resource location for test class [kr.starbridge.web.domain.member.service.MemberServiceTest]: class path resource [kr/starbridge/web/domain/member/service/MemberServiceTest-context.xml] does not exist
18:53:02.649 [Test worker] DEBUG org.springframework.test.context.support.AbstractContextLoader - Did not detect default resource location for test class [kr.starbridge.web.domain.member.service.MemberServiceTest]: class path resource [kr/starbridge/web/domain/member/service/MemberServiceTestContext.groovy] does not exist
18:53:02.649 [Test worker] INFO org.springframework.test.context.support.AbstractContextLoader - Could not detect default resource locations for test class [kr.starbridge.web.domain.member.service.MemberServiceTest]: no resource found for suffixes {-context.xml, Context.groovy}.
18:53:02.649 [Test worker] INFO org.springframework.test.context.support.AnnotationConfigContextLoaderUtils - Could not detect default configuration classes for test class [kr.starbridge.web.domain.member.service.MemberServiceTest]: MemberServiceTest does not declare any static, non-private, non-final, nested classes annotated with @Configuration.
18:53:02.679 [Test worker] DEBUG org.springframework.test.context.support.ActiveProfilesUtils - Could not find an 'annotation declaring class' for annotation type [org.springframework.test.context.ActiveProfiles] and class [kr.starbridge.web.domain.member.service.MemberServiceTest]
18:53:02.720 [Test worker] DEBUG org.springframework.context.annotation.ClassPathScanningCandidateComponentProvider - Identified candidate component class: file [D:\repository\starbridge\build\classes\java\main\kr\starbridge\web\WebApplication.class]
18:53:02.721 [Test worker] INFO org.springframework.boot.test.context.SpringBootTestContextBootstrapper - Found @SpringBootConfiguration kr.starbridge.web.WebApplication for test class kr.starbridge.web.domain.member.service.MemberServiceTest
18:53:02.784 [Test worker] DEBUG org.springframework.boot.test.context.SpringBootTestContextBootstrapper - @TestExecutionListeners is not present for class [kr.starbridge.web.domain.member.service.MemberServiceTest]: using defaults.
18:53:02.785 [Test worker] INFO org.springframework.boot.test.context.SpringBootTestContextBootstrapper - Loaded default TestExecutionListener class names from location [META-INF/spring.factories]: [org.springframework.boot.test.autoconfigure.restdocs.RestDocsTestExecutionListener, org.springframework.boot.test.autoconfigure.web.client.MockRestServiceServerResetTestExecutionListener, org.springframework.boot.test.autoconfigure.web.servlet.MockMvcPrintOnlyOnFailureTestExecutionListener, org.springframework.boot.test.autoconfigure.web.servlet.WebDriverTestExecutionListener, org.springframework.boot.test.autoconfigure.webservices.client.MockWebServiceServerTestExecutionListener, org.springframework.boot.test.mock.mockito.MockitoTestExecutionListener, org.springframework.boot.test.mock.mockito.ResetMocksTestExecutionListener, org.springframework.test.context.web.ServletTestExecutionListener, org.springframework.test.context.support.DirtiesContextBeforeModesTestExecutionListener, org.springframework.test.context.event.ApplicationEventsTestExecutionListener, org.springframework.test.context.support.DependencyInjectionTestExecutionListener, org.springframework.test.context.support.DirtiesContextTestExecutionListener, org.springframework.test.context.transaction.TransactionalTestExecutionListener, org.springframework.test.context.jdbc.SqlScriptsTestExecutionListener, org.springframework.test.context.event.EventPublishingTestExecutionListener]
18:53:02.796 [Test worker] INFO org.springframework.boot.test.context.SpringBootTestContextBootstrapper - Using TestExecutionListeners: [org.springframework.test.context.web.ServletTestExecutionListener@319988b0, org.springframework.test.context.support.DirtiesContextBeforeModesTestExecutionListener@d5ae57e, org.springframework.test.context.event.ApplicationEventsTestExecutionListener@68759011, org.springframework.boot.test.mock.mockito.MockitoTestExecutionListener@7e242b4d, org.springframework.boot.test.autoconfigure.SpringBootDependencyInjectionTestExecutionListener@305f031, org.springframework.test.context.support.DirtiesContextTestExecutionListener@592e843a, org.springframework.test.context.transaction.TransactionalTestExecutionListener@1d1f7216, org.springframework.test.context.jdbc.SqlScriptsTestExecutionListener@423e4cbb, org.springframework.test.context.event.EventPublishingTestExecutionListener@6e16b8b5, org.springframework.boot.test.autoconfigure.restdocs.RestDocsTestExecutionListener@43b4fe19, org.springframework.boot.test.autoconfigure.web.client.MockRestServiceServerResetTestExecutionListener@25ddbbbb, org.springframework.boot.test.autoconfigure.web.servlet.MockMvcPrintOnlyOnFailureTestExecutionListener@1536602f, org.springframework.boot.test.autoconfigure.web.servlet.WebDriverTestExecutionListener@4ebea12c, org.springframework.boot.test.autoconfigure.webservices.client.MockWebServiceServerTestExecutionListener@2a1edad4, org.springframework.boot.test.mock.mockito.ResetMocksTestExecutionListener@6256ac4f]
18:53:02.798 [Test worker] DEBUG org.springframework.test.context.support.AbstractDirtiesContextTestExecutionListener - Before test class: context [DefaultTestContext@89c10b7 testClass = MemberServiceTest, testInstance = [null], testMethod = [null], testException = [null], mergedContextConfiguration = [WebMergedContextConfiguration@5dbe30be testClass = MemberServiceTest, locations = '{}', classes = '{class kr.starbridge.web.WebApplication}', contextInitializerClasses = '[]', activeProfiles = '{}', propertySourceLocations = '{}', propertySourceProperties = '{spring.config.location=classpath:application-dev.properties, org.springframework.boot.test.context.SpringBootTestContextBootstrapper=true}', contextCustomizers = set[org.springframework.boot.test.autoconfigure.actuate.metrics.MetricsExportContextCustomizerFactory$DisableMetricExportContextCustomizer@2a62b5bc, org.springframework.boot.test.autoconfigure.properties.PropertyMappingContextCustomizer@0, org.springframework.boot.test.autoconfigure.web.servlet.WebDriverContextCustomizerFactory$Customizer@dbd8e44, org.springframework.boot.test.context.filter.ExcludeFilterContextCustomizer@79517588, org.springframework.boot.test.json.DuplicateJsonObjectContextCustomizerFactory$DuplicateJsonObjectContextCustomizer@289710d9, org.springframework.boot.test.mock.mockito.MockitoContextCustomizer@0, org.springframework.boot.test.web.client.TestRestTemplateContextCustomizer@34a875b3, org.springframework.boot.test.context.SpringBootTestArgs@1, org.springframework.boot.test.context.SpringBootTestWebEnvironment@7a419da4], resourceBasePath = 'src/main/webapp', contextLoader = 'org.springframework.boot.test.context.SpringBootContextLoader', parent = [null]], attributes = map['org.springframework.test.context.web.ServletTestExecutionListener.activateListener' -> true]], class annotated with @DirtiesContext [false] with mode [null].

  .   ____          _            __ _ _
 /\\ / ___'_ __ _ _(_)_ __  __ _ \ \ \ \
( ( )\___ | '_ | '_| | '_ \/ _` | \ \ \ \
 \\/  ___)| |_)| | | | | || (_| |  ) ) ) )
  '  |____| .__|_| |_|_| |_\__, | / / / /
 =========|_|==============|___/=/_/_/_/
 :: Spring Boot ::                (v2.6.5)

2022-03-29 18:53:02.990  INFO 13496 --- [    Test worker] k.s.w.d.m.service.MemberServiceTest      : Starting MemberServiceTest using Java 17 on DESKTOP-5DM8LLM with PID 13496 (started by daram in D:\repository\starbridge)
2022-03-29 18:53:02.991  INFO 13496 --- [    Test worker] k.s.w.d.m.service.MemberServiceTest      : No active profile set, falling back to 1 default profile: "default"
2022-03-29 18:53:03.419  INFO 13496 --- [    Test worker] .s.d.r.c.RepositoryConfigurationDelegate : Bootstrapping Spring Data JPA repositories in DEFAULT mode.
2022-03-29 18:53:03.459  INFO 13496 --- [    Test worker] .s.d.r.c.RepositoryConfigurationDelegate : Finished Spring Data repository scanning in 34 ms. Found 1 JPA repository interfaces.
2022-03-29 18:53:03.868  INFO 13496 --- [    Test worker] o.hibernate.jpa.internal.util.LogHelper  : HHH000204: Processing PersistenceUnitInfo [name: default]
2022-03-29 18:53:03.900  INFO 13496 --- [    Test worker] org.hibernate.Version                    : HHH000412: Hibernate ORM core version 5.6.7.Final
2022-03-29 18:53:04.017  INFO 13496 --- [    Test worker] o.hibernate.annotations.common.Version   : HCANN000001: Hibernate Commons Annotations {5.1.2.Final}
2022-03-29 18:53:04.082  INFO 13496 --- [    Test worker] com.zaxxer.hikari.HikariDataSource       : HikariPool-1 - Starting...
2022-03-29 18:53:04.217  INFO 13496 --- [    Test worker] com.zaxxer.hikari.HikariDataSource       : HikariPool-1 - Start completed.
2022-03-29 18:53:04.229  INFO 13496 --- [    Test worker] org.hibernate.dialect.Dialect            : HHH000400: Using dialect: org.hibernate.dialect.MySQL8Dialect
2022-03-29 18:53:04.544  INFO 13496 --- [    Test worker] o.h.e.t.j.p.i.JtaPlatformInitiator       : HHH000490: Using JtaPlatform implementation: [org.hibernate.engine.transaction.jta.platform.internal.NoJtaPlatform]
2022-03-29 18:53:04.549  INFO 13496 --- [    Test worker] j.LocalContainerEntityManagerFactoryBean : Initialized JPA EntityManagerFactory for persistence unit 'default'
2022-03-29 18:53:04.908  WARN 13496 --- [    Test worker] JpaBaseConfiguration$JpaWebConfiguration : spring.jpa.open-in-view is enabled by default. Therefore, database queries may be performed during view rendering. Explicitly configure spring.jpa.open-in-view to disable this warning
2022-03-29 18:53:05.131  INFO 13496 --- [    Test worker] o.s.b.a.w.s.WelcomePageHandlerMapping    : Adding welcome page template: index
2022-03-29 18:53:05.366  INFO 13496 --- [    Test worker] k.s.w.d.m.service.MemberServiceTest      : Started MemberServiceTest in 2.541 seconds (JVM running for 3.315)
Hibernate: 
    select
        memberenti0_.id as id1_0_,
        memberenti0_.img as img2_0_,
        memberenti0_.is_cm as is_cm3_0_,
        memberenti0_.name as name4_0_,
        memberenti0_.pw as pw5_0_ 
    from
        member memberenti0_
all = [MemberEntity(id=47a4f7c325931bd344fbe1ca7cd1709e, pw=3db16cfb0985330f1407473f80345c35, name=닉변, img=, isCm=false), MemberEntity(id=6672d627217aaf44d25d1f94a95205c4, pw=8a0624ae0940b1048728da34af89139c, name=김민정, img=https://mblogthumb-phinf.pstatic.net/MjAxODExMjBfMjYz/MDAxNTQyNzEzNTIwMTg1.1aqhgkoEKUy_EX7SGgLU9BqMrq43tJe5kEmpWABMfHYg.oOa6NRYBH6hX1XSfyomwqeQgsut8G0hZo6XC8taFbEwg.JPEG.yellowouk2/195a4f324494ad4db1a0209a41ff8b79.jpg?type=w800, isCm=true), MemberEntity(id=d28caa94cfbc0ee815d569ff486cf34e, pw=3db16cfb0985330f1407473f80345c35, name=test2, img=null, isCm=false)]
]]></system-out>
  <system-err><![CDATA[]]></system-err>
</testsuite>
